<?xml version="1.0" encoding="UTF-8"?>
<testng-results skipped="0" failed="0" ignored="0" total="1" passed="1">
  <reporter-output>
    <line>
      <![CDATA[Successfully Launched Chrome Browser]]>
    </line>
    <line>
      <![CDATA[Browser window is maximized successfully]]>
    </line>
    <line>
      <![CDATA[Profile details has been added into profile category]]>
    </line>
    <line>
      <![CDATA[Summary has been added into summary category]]>
    </line>
    <line>
      <![CDATA[Frontend Technologies has been added into skills category]]>
    </line>
    <line>
      <![CDATA[Backend Technologies has been added into skills category]]>
    </line>
    <line>
      <![CDATA[Highest Education has been added into education category]]>
    </line>
    <line>
      <![CDATA[Project name has been added into the project category]]>
    </line>
    <line>
      <![CDATA[Resume has been downloaded successfully in PDF format]]>
    </line>
  </reporter-output>
  <suite name="Default suite" duration-ms="25669" started-at="2022-03-02T18:59:46 IST" finished-at="2022-03-02T19:00:11 IST">
    <groups>
    </groups>
    <test name="Default test" duration-ms="25669" started-at="2022-03-02T18:59:46 IST" finished-at="2022-03-02T19:00:11 IST">
      <class name="summary.RB_Summary_TC15Test">
        <test-method status="PASS" signature="openTheBrowser(java.lang.String)[pri:0, instance:summary.RB_Summary_TC15Test@7a765367]" name="openTheBrowser" is-config="true" duration-ms="12028" started-at="2022-03-02T18:59:46 IST" finished-at="2022-03-02T18:59:58 IST">
          <params>
            <param index="0">
              <value>
                <![CDATA[chrome]]>
              </value>
            </param>
          </params>
          <reporter-output>
            <line>
              <![CDATA[Successfully Launched Chrome Browser]]>
            </line>
            <line>
              <![CDATA[Browser window is maximized successfully]]>
            </line>
          </reporter-output>
        </test-method> <!-- openTheBrowser -->
        <test-method status="PASS" signature="navigateToApplication()[pri:0, instance:summary.RB_Summary_TC15Test@7a765367]" name="navigateToApplication" is-config="true" duration-ms="1775" started-at="2022-03-02T18:59:58 IST" finished-at="2022-03-02T19:00:00 IST">
          <reporter-output>
          </reporter-output>
        </test-method> <!-- navigateToApplication -->
        <test-method status="PASS" signature="resumePdf()[pri:0, instance:summary.RB_Summary_TC15Test@7a765367]" name="resumePdf" duration-ms="10955" started-at="2022-03-02T19:00:00 IST" finished-at="2022-03-02T19:00:11 IST">
          <reporter-output>
            <line>
              <![CDATA[Profile details has been added into profile category]]>
            </line>
            <line>
              <![CDATA[Summary has been added into summary category]]>
            </line>
            <line>
              <![CDATA[Frontend Technologies has been added into skills category]]>
            </line>
            <line>
              <![CDATA[Backend Technologies has been added into skills category]]>
            </line>
            <line>
              <![CDATA[Highest Education has been added into education category]]>
            </line>
            <line>
              <![CDATA[Project name has been added into the project category]]>
            </line>
            <line>
              <![CDATA[Resume has been downloaded successfully in PDF format]]>
            </line>
          </reporter-output>
        </test-method> <!-- resumePdf -->
        <test-method status="PASS" signature="closeTheBrowser()[pri:0, instance:summary.RB_Summary_TC15Test@7a765367]" name="closeTheBrowser" is-config="true" duration-ms="855" started-at="2022-03-02T19:00:11 IST" finished-at="2022-03-02T19:00:11 IST">
          <reporter-output>
          </reporter-output>
        </test-method> <!-- closeTheBrowser -->
      </class> <!-- summary.RB_Summary_TC15Test -->
    </test> <!-- Default test -->
  </suite> <!-- Default suite -->
</testng-results>
